[2026-01-09T06:00:50.220Z] ========== LOGIN REQUEST ==========
[2026-01-09T06:00:50.222Z] Email: phobos
[2026-01-09T06:00:50.222Z] Username: undefined
[2026-01-09T06:00:50.222Z] Password: 123456
[2026-01-09T06:00:50.222Z] Password length: 6
[2026-01-09T06:00:50.226Z] Users found: 1
[2026-01-09T06:00:50.226Z] User found: Phobos
[2026-01-09T06:00:50.226Z] Hash from DB: $2y$12$Q/h7GRsPd3uqiwKjBKE3GeGfqO5gNpFfLRT69hNDVIF1o1Qyl4tpy
[2026-01-09T06:00:50.226Z] Hash format: $2y$12$Q/h
[2026-01-09T06:00:50.226Z] Verifying password...
[2026-01-09T06:00:52.348Z] Password match: false
[2026-01-09T06:00:52.348Z] ❌ Password verification failed
[2026-01-09T06:00:52.348Z] Password entered: 123456
[2026-01-09T06:00:52.348Z] Hash in DB: $2y$12$Q/h7GRsPd3uqiwKjBKE3GeGfqO5gNpFfLRT69hNDVIF1o1Qyl4tpy
[2026-01-09T06:06:14.180Z] ========== LOGIN REQUEST ==========
[2026-01-09T06:06:14.181Z] Email: admin@example.com
[2026-01-09T06:06:14.181Z] Username: undefined
[2026-01-09T06:06:14.181Z] Password: admin123
[2026-01-09T06:06:14.181Z] Password length: 8
[2026-01-09T06:06:14.184Z] Users found: 0
[2026-01-09T06:06:14.185Z] ❌ User not found in database
[2026-01-09T06:21:30.873Z] ========== LOGIN REQUEST ==========
[2026-01-09T06:21:30.874Z] Email: undefined
[2026-01-09T06:21:30.875Z] Username: Phobos
[2026-01-09T06:21:30.875Z] Password: Phobos
[2026-01-09T06:21:30.875Z] Password length: 6
[2026-01-09T06:21:30.913Z] Users found: 1
[2026-01-09T06:21:30.914Z] User found: Phobos
[2026-01-09T06:21:30.914Z] Hash from DB: $2y$12$Q/h7GRsPd3uqiwKjBKE3GeGfqO5gNpFfLRT69hNDVIF1o1Qyl4tpy
[2026-01-09T06:21:30.914Z] Hash format: $2y$12$Q/h
[2026-01-09T06:21:30.914Z] Verifying password...
[2026-01-09T06:21:33.020Z] Password match: false
[2026-01-09T06:21:33.020Z] ❌ Password verification failed
[2026-01-09T06:21:33.020Z] Password entered: Phobos
[2026-01-09T06:21:33.020Z] Hash in DB: $2y$12$Q/h7GRsPd3uqiwKjBKE3GeGfqO5gNpFfLRT69hNDVIF1o1Qyl4tpy
[2026-01-09T06:26:30.601Z] ========== LOGIN REQUEST ==========
[2026-01-09T06:26:30.602Z] Email: undefined
[2026-01-09T06:26:30.602Z] Username: Phobos
[2026-01-09T06:26:30.602Z] Password: Phobos
[2026-01-09T06:26:30.603Z] Password length: 6
[2026-01-09T06:26:30.607Z] Users found: 1
[2026-01-09T06:26:30.608Z] User found: Phobos
[2026-01-09T06:26:30.608Z] Hash from DB: $2b$12$M4yQOYk/njdwjXhgtMQjPOon2E2v5L1u.QAhvoNMdOlG0ht36Wi.S
[2026-01-09T06:26:30.608Z] Hash format: $2b$12$M4y
[2026-01-09T06:26:30.609Z] Verifying password...
[2026-01-09T06:26:31.325Z] Password match: true
[2026-01-09T06:34:18.116Z] ========== LOGIN REQUEST ==========
[2026-01-09T06:34:18.116Z] Email: undefined
[2026-01-09T06:34:18.116Z] Username: Phobos
[2026-01-09T06:34:18.116Z] Password: Phobos
[2026-01-09T06:34:18.116Z] Password length: 6
[2026-01-09T06:34:18.121Z] Users found: 1
[2026-01-09T06:34:18.121Z] User found: Phobos
[2026-01-09T06:34:18.121Z] Hash from DB: $2b$12$M4yQOYk/njdwjXhgtMQjPOon2E2v5L1u.QAhvoNMdOlG0ht36Wi.S
[2026-01-09T06:34:18.122Z] Hash format: $2b$12$M4y
[2026-01-09T06:34:18.122Z] Verifying password...
[2026-01-09T06:34:18.859Z] Password match: true
[2026-01-09T06:38:09.322Z] ========== LOGIN REQUEST ==========
[2026-01-09T06:38:09.323Z] Email: undefined
[2026-01-09T06:38:09.323Z] Username: Phobos
[2026-01-09T06:38:09.323Z] Password: Phobos
[2026-01-09T06:38:09.323Z] Password length: 6
[2026-01-09T06:38:09.329Z] Users found: 1
[2026-01-09T06:38:09.329Z] User found: Phobos
[2026-01-09T06:38:09.329Z] Hash from DB: $2b$12$M4yQOYk/njdwjXhgtMQjPOon2E2v5L1u.QAhvoNMdOlG0ht36Wi.S
[2026-01-09T06:38:09.330Z] Hash format: $2b$12$M4y
[2026-01-09T06:38:09.330Z] Verifying password...
[2026-01-09T06:38:10.114Z] Password match: true
[2026-01-09T06:38:15.833Z] ========== LOGIN REQUEST ==========
[2026-01-09T06:38:15.834Z] Email: undefined
[2026-01-09T06:38:15.835Z] Username: Phobos
[2026-01-09T06:38:15.835Z] Password: Phobos
[2026-01-09T06:38:15.835Z] Password length: 6
[2026-01-09T06:38:15.838Z] Users found: 1
[2026-01-09T06:38:15.838Z] User found: Phobos
[2026-01-09T06:38:15.839Z] Hash from DB: $2b$12$M4yQOYk/njdwjXhgtMQjPOon2E2v5L1u.QAhvoNMdOlG0ht36Wi.S
[2026-01-09T06:38:15.839Z] Hash format: $2b$12$M4y
[2026-01-09T06:38:15.839Z] Verifying password...
[2026-01-09T06:38:16.602Z] Password match: true
[2026-01-09T06:38:42.679Z] ========== LOGIN REQUEST ==========
[2026-01-09T06:38:42.679Z] Email: undefined
[2026-01-09T06:38:42.679Z] Username: Phobos
[2026-01-09T06:38:42.679Z] Password: Phobos
[2026-01-09T06:38:42.680Z] Password length: 6
[2026-01-09T06:38:42.685Z] Users found: 1
[2026-01-09T06:38:42.687Z] User found: Phobos
[2026-01-09T06:38:42.687Z] Hash from DB: $2b$12$M4yQOYk/njdwjXhgtMQjPOon2E2v5L1u.QAhvoNMdOlG0ht36Wi.S
[2026-01-09T06:38:42.687Z] Hash format: $2b$12$M4y
[2026-01-09T06:38:42.688Z] Verifying password...
[2026-01-09T06:38:43.422Z] Password match: true
[2026-01-09T06:38:47.021Z] ========== LOGIN REQUEST ==========
[2026-01-09T06:38:47.021Z] Email: undefined
[2026-01-09T06:38:47.021Z] Username: Phobos
[2026-01-09T06:38:47.021Z] Password: Phobos
[2026-01-09T06:38:47.021Z] Password length: 6
[2026-01-09T06:38:47.025Z] Users found: 1
[2026-01-09T06:38:47.026Z] User found: Phobos
[2026-01-09T06:38:47.026Z] Hash from DB: $2b$12$M4yQOYk/njdwjXhgtMQjPOon2E2v5L1u.QAhvoNMdOlG0ht36Wi.S
[2026-01-09T06:38:47.026Z] Hash format: $2b$12$M4y
[2026-01-09T06:38:47.026Z] Verifying password...
[2026-01-09T06:38:47.772Z] Password match: true
[2026-01-09T06:39:04.559Z] ========== LOGIN REQUEST ==========
[2026-01-09T06:39:04.560Z] Email: undefined
[2026-01-09T06:39:04.560Z] Username: Phobos
[2026-01-09T06:39:04.561Z] Password: Phobos
[2026-01-09T06:39:04.561Z] Password length: 6
[2026-01-09T06:39:04.564Z] Users found: 1
[2026-01-09T06:39:04.564Z] User found: Phobos
[2026-01-09T06:39:04.564Z] Hash from DB: $2b$12$M4yQOYk/njdwjXhgtMQjPOon2E2v5L1u.QAhvoNMdOlG0ht36Wi.S
[2026-01-09T06:39:04.564Z] Hash format: $2b$12$M4y
[2026-01-09T06:39:04.564Z] Verifying password...
[2026-01-09T06:39:05.324Z] Password match: true
[2026-01-09T06:39:40.759Z] ========== LOGIN REQUEST ==========
[2026-01-09T06:39:40.759Z] Email: undefined
[2026-01-09T06:39:40.759Z] Username: Phobos
[2026-01-09T06:39:40.759Z] Password: Phobos
[2026-01-09T06:39:40.759Z] Password length: 6
[2026-01-09T06:39:40.761Z] Users found: 1
[2026-01-09T06:39:40.761Z] User found: Phobos
[2026-01-09T06:39:40.761Z] Hash from DB: $2b$12$M4yQOYk/njdwjXhgtMQjPOon2E2v5L1u.QAhvoNMdOlG0ht36Wi.S
[2026-01-09T06:39:40.761Z] Hash format: $2b$12$M4y
[2026-01-09T06:39:40.761Z] Verifying password...
[2026-01-09T06:39:41.451Z] Password match: true
